<?xml version="1.0" encoding="UTF-8"?>

<beans xmlns="http://www.springframework.org/schema/beans"
       xmlns:context="http://www.springframework.org/schema/context"
       xmlns:xsi="http://www.w3.org/2001/XMLSchema-instance" xmlns:mvc="http://www.springframework.org/schema/mvc"
       xsi:schemaLocation="http://www.springframework.org/schema/beans
        http://www.springframework.org/schema/beans/spring-beans.xsd
        http://www.springframework.org/schema/context
        http://www.springframework.org/schema/context/spring-context.xsd http://www.springframework.org/schema/mvc https://www.springframework.org/schema/mvc/spring-mvc.xsd">

    <context:component-scan base-package="com.alexa.movieland">
        <context:exclude-filter type="regex" expression="com\.alexa\.movieland\.controller\..*"/>
    </context:component-scan>

    <bean id="hikariConfig" class="com.zaxxer.hikari.HikariConfig">
        <property name="username" value="sa"/>
        <property name="password" value=""/>
        <property name="jdbcUrl" value="jdbc:h2:mem:test;INIT=runscript from 'classpath:init.sql'"/>
        <property name="driverClassName" value="org.h2.Driver"/>
    </bean>

    <bean id="dataSource" class="com.zaxxer.hikari.HikariDataSource">
        <constructor-arg ref="hikariConfig"/>
    </bean>

    <bean id="jdbcTemplate" class="org.springframework.jdbc.core.JdbcTemplate">
        <property name="dataSource" ref="dataSource"/>
    </bean>

    <bean class="org.springframework.beans.factory.config.PropertyPlaceholderConfigurer">
        <property name="location" value="classpath:application.local.properties"/>
    </bean>


</beans>